Case #1:	
1000000000000001 3 2 5 2 7 2 3 2 7 
1000000000000011 32771 229 3 47 157 3 41 11 3 
1000000000000101 13 11 3 4751 173 3 53 109 3 
1000000000000111 3 2 5 2 7 2 3 2 11 
1000000000001001 73 5 3 19 19 3 5 19 3 
1000000000001011 32779 2 7 2 8377 2 35184372089353 2 660949 
1000000000001101 3 2 5 2 7 2 3 2 11 
1000000000001111 32783 409 1073741909 37 5 23 457 83 233 
1000000000010001 5 1009 3 11 470184985873 3 29 463 3 
1000000000010011 3 2 5 2 7 2 3 2 7 
1000000000010101 32789 2 23 2 470184985909 2 23 2 18463559 
1000000000010111 11 31 223 17 5 29 35184372093001 205891132101301 491 
1000000000011001 3 2 5 2 7 2 3 2 11 
1000000000011011 5 1567 15559 6197 5 5 1031 7 83 
1000000000011101 32797 5 587 433 5 97 5 59 1000000000011101 
1000000000011111 3 2 3 2 7 2 3 2 3 
1000000000100001 32801 14349151 3 30517581251 401 3 35184372121601 205891132153699 3 
1000000000100011 32803 2 1073742853 2 17 2 281 2 1000000000100011 
1000000000100101 3 2 5 2 7 2 3 2 7 
1000000000100111 53 739 71 11 5 11 1811 205891132153789 7013 
1000000000101001 7 2 1073742913 2 71 2 251 2 22409 
1000000000101011 3 7 13 3 5 43 3 73 7 
1000000000101101 11 31 7 30517581401 5 499 35184372122177 31 1000000000101101 
1000000000101111 5 2 3 2 37 2 5 2 3 
1000000000110001 3 2 5 2 7 2 3 2 11 
1000000000110011 37 5 23 30517581881 5 401 5 665747 3507299 
1000000000110101 23 17 11 23 5 299699 43 239 59 
1000000000110111 3 2 3 2 7 2 3 2 3 
1000000000111001 5 14349259 139 137 5 5 53 11 653 
1000000000111011 17 2 3 2 73 2 17 2 3 
1000000000111101 3 2 3 2 7 2 3 2 3 
1000000000111111 32831 1049 1073743189 30517582031 709 167 7 29 2767643 
1000000001000001 32833 14349637 3 29 31963 3 4643 11 3 
1000000001000011 3 2 5 2 7 2 3 2 11 
1000000001000101 7 2 11 2 470185031269 2 6053 2 1000000001000101 
1000000001000111 32839 17 1073745941 30517593781 5 31 953 29 1428601 
1000000001001001 3 2 5 2 7 2 3 2 7 
1000000001001011 32843 14349667 3259 30517593881 5 4747561627943 367 13 2053 
1000000001001101 5 13 113 36947 5 5 35184372351553 113 17 
1000000001001111 3 2 3 2 7 2 3 2 3 
1000000001010001 107 2 7 2 233 2 35184372355073 2 67 
1000000001010011 7 271 1073746181 30517594381 5 4747561630001 80111 7 43 
1000000001010101 3 7 13 3 5 17 3 53 7 
1000000001010111 5 2 3 2 37 2 5 2 3 
1000000001011001 11 5 281 101 5 67 5 13 19 
1000000001011011 3 2 3 2 7 2 3 2 3 
1000000001011101 17 2 3 2 1297 2 11 2 3 
1000000001011111 59 113 7 157 19 1399 7 43 107 
1000000001100001 3 2 5 2 7 2 3 2 11 
1000000001100011 23 19 11 105491 5 47 11117 1787 127 
