Case #1:
513.147090632531596
525.745746619131266
3260.712407569234463
1915.193375114663225
69521.105220234779672
144.324115611333036
1915.193375114663225
70888.646068210089517
70888.646068210089517
3167.581416038554329
Case #2:
49446.000000000000021
35847.338286133613746
189775.893376036752272
8.000000000000000
847422340.700086947646923
Case #3:
2309582.868610693519031
8330.000000000000003
2309582.868610693519031
640356906.000000000698492
2309582.868610693519031
640356906.000000000698492
640356906.000000000698492
8330.000000000000003
8330.000000000000003
2309582.868610693519031
Case #4:
2607886.747890063473051
10.000000000000000
89372.402731492007291
259843.091341187833450
2510156.106619466804659
434303.938139466176636
424981797.814118270034669
1111400.032051555836688
2607886.747890063473051
1217811.917092667332213
Case #5:
60891.225574790330381
874.448397562714961
86.139077662647803
10.000000000000000
46760.689953967658347
534050034.000000000116415
Case #6:
3977567.740959291319314
Case #7:
6632.125107675116338
696674.630868776291209
1404.548337704422622
236939.858147378632125
1.000000000000000
1404.548337704422622
561.657697320679683
372.330213369564810
90.854212484670527
1404.548337704422622
Case #8:
50179.726026799375877
380272.060248429836889
8519.323024317552493
44534.033816846189687
5620337.984123196840301
1197026.712688754332930
2598539.309534568452818
3115.352789011222081
3085782.696606811711263
1134949.363444980740042
Case #9:
726794152.000000000582077
11289412.787353556330345
1578497.817937674567361
1460525.263242418575146
1460525.263242418575146
Case #10:
8139883.357073081523595
4681081.778126291183980
27655.017392871044803
956828.756065885187923
4681081.778126291183980
1213773.324877837311533
990670.443648967485558
359799.107824817013977
382567899.345402000297327
1213773.324877837311533
Case #11:
516606.597150608143096
13512114.357651514440477
83044.519032346214971
276703097.289459586696466
46191.905610263798458
355615357.317920030531241
203661106.899943787459051
49983445.551519022090361
46259.923877209535359
34130.813177330263059
Case #12:
586400541.999999999767169
4191.805068449868126
Case #13:
22968597.752319840037671
253680073.199303014931502
268987551.844083404634148
268987551.844083404634148
376452.362252871154823
25583.000000000000000
253680073.199303014931502
2538935.682490364868727
42206179.339581747823104
58.931453477479342
Case #14:
1316785.697507298080723
1447304.879419266082323
655921.862941918811089
61056.000000000000000
1664081.444386963206625
1189841.024604293732409
2543373.192396280329831
6492113.690440426850728
5756.729662545090059
80933.578013084285026
Case #15:
7229.540453224841604
7229.540453224841604
29435.350656975532969
1592.043873155115392
2791517.761809758193749
274033.787385256083553
203.012314897397296
634.280694960835143
2957.550875507865601
23805.756278624728587
Case #16:
8382.907772283595668
884685.681325456707725
1502386.422235014951866
24818.546994470155958
25830807.327771457945346
3.000000000000000
1893.766905707983216
5.000000000000000
47580.517021150579307
20023.717645427982577
Case #17:
59498.222200331330590
6114386.001779749763500
6114386.001779749763500
7509390.351797940730648
580733.996091864201617
370575.141160459971928
580733.996091864201617
Case #18:
800459706.000000000116415
7.000000000000000
12410063.444149964154349
472133482.692802573059453
Case #19:
35288.436497721315718
2629.000000000000000
68894.970854192252915
42519.091541017494023
531.911180012109604
578.432364239761397
132.800915704722784
8262.914323129705985
11656.057485049634528
5702.050782352234627
Case #20:
17251.345367825664162
549082.047447683386963
549082.047447683386963
549082.047447683386963
297608916.999999999941792
556244581.999999999883585
549082.047447683386963
Case #21:
1966676.357808881825008
58124.000000000000028
71584.818306677289520
32816.050402204101935
490949.711956179237717
1445312.959005902768581
3053173.029900202992167
18025152.778699650791168
65549.707959456223833
1457755.368924358085337
Case #22:
28406374.999999999990905
28406374.999999999990905
Case #23:
1.732050807568877
1.732050807568877
303.318314646511248
1.732050807568877
1.732050807568877
92002.000000000000000
Case #24:
279.191690420757330
974666636.999999999476131
Case #25:
8.944271909999159
8.944271909999159
8.000000000000000
224.106214809247850
Case #26:
710.294305200316244
Case #27:
63325.000000000000021
32623.613665040123337
553.581069040479382
9182.478486162679482
1925.008254650068528
25294577.248838773135503
Case #28:
935365.133608017028735
26138609.220202581616832
6584458.340833435636341
4299188.960166440511330
601051.072977765651046
516983.705226728155907
Case #29:
210.807969488821746
4856.603317562257872
33454.491049594710638
26412.000000000000005
Case #30:
7.000000000000000
43299.616407076864540
672546.978774314963857
Case #31:
203567.970530815727329
250.926283995917813
250.926283995917813
128460.094449283289222
419109.202030372142644
44053.295699640906655
Case #32:
1657.190756369847634
422.477793861953782
422.477793861953782
1043.964758820788700
5768.491572372451955
1883.945024174825979
Case #33:
4.898979485566356
26398.369438281600047
4109.604690755907555
1773.160564540348597
55067.048649805084700
Case #34:
63185.000000000000025
Case #35:
40861.185959293937245
31523.389268922210883
Case #36:
3.872983346207417
303.405669030754928
65.121272610843445
3724.429046936211138
303.405669030754928
1120386.976201167035470
3.000000000000000
3724.429046936211138
65.121272610843445
Case #37:
10704.946053110216399
3756231.337686923942556
10704.946053110216399
5560416.347073576795992
56533943.404339043154323
Case #38:
301.369667034282656
11725.286179876378608
Case #39:
35329.999999999999996
40415.490718287709534
1698.526482099061215
40415.490718287709534
1698.526482099061215
40415.490718287709534
40415.490718287709534
3.000000000000000
1698.526482099061215
Case #40:
7443.116770288388168
845.556231931287696
189305.165292193005087
1886.144978246046630
845.556231931287696
6969468.000000000002728
2923.768810769317771
4.000000000000000
2988.231360411999324
1169.968882875861933
Case #41:
5724246.675327680181908
181.016573826818410
1.000000000000000
Case #42:
6234.581996146845039
2133.074959885326877
23424.904114366309038
641.353380788106426
6234.581996146845039
31153.667208618380101
3367.118232373485977
Case #43:
9447.366808434221574
59482.999999999999993
563590968.999999999767169
36542.220334840082053
10.000000000000000
22448.999999999999996
10.000000000000000
2372.447557822726477
Case #44:
518.148651691823572
13101.189205697746699
3840.607026471465773
178.628105291412639
793.334250945036822
2322.520588509983061
4.000000000000000
4673.614563624970546
1376.681807909523954
1790.853394415689965
Case #45:
19668.000000000000000
19668.000000000000000
19668.000000000000000
19668.000000000000000
19668.000000000000000
Case #46:
366890.725330713985642
81971.000000000000043
867402.788132480007505
25145.605451816819960
13927.174875041958774
366890.725330713985642
366890.725330713985642
Case #47:
17022.000000000000007
Case #48:
78708.991233530620086
7.000000000000000
791085.008535958860875
Case #49:
1050093.421114897604411
12719.182992629675977
2483667.184683088667725
150565.077678331817424
391766.925833750216668
8.000000000000000
391766.925833750216668
428103.394442172387130
12719.182992629675977
Case #50:
138699840.189814205936273
1148157.076736700623997
784406.116618742262062
9.000000000000000
33045.092064945581438
784406.116618742262062
5212.383764819573669
1148157.076736700623997
60616000.000000000036380
6.324555320336759
Case #51:
1000000000.000000000349246
Case #52:
56102.847450018078408
786882373.000000000349246
56102.847450018078408
Case #53:
318525234.999999999941792
318525234.999999999941792
318525234.999999999941792
318525234.999999999941792
318525234.999999999941792
318525234.999999999941792
318525234.999999999941792
318525234.999999999941792
318525234.999999999941792
Case #54:
2682.530372966708470
527.136979589202177
527.136979589202177
140.149703808303755
553.053342816043378
829.580014224065068
2682.530372966708470
Case #55:
62465.891316781833009
Case #56:
449529546.000000000407454
1103929.461116062434144
37213.000000000000014
37213.000000000000014
Case #57:
378487.599839028752399
70081.388299604910173
5250954.534937056112994
6285195.645326535717686
14730063.788959326076110
927666724.000000000232831
6536301.936367778702788
870.000000000000000
927666724.000000000232831
818566831.000000000640284
Case #58:
10419060.997849872109327
Case #59:
27585.161554719957815
4801638.247818302374981
37423.364172666251612
13097005.417154383352681
4801638.247818302374981
Case #60:
213.007042137108697
213.007042137108697
15124.000000000000006
15124.000000000000006
Case #61:
58503.474683362829698
Case #62:
288.636449534704470
288.636449534704470
83311.000000000000014
Case #63:
5.000000000000000
5.000000000000000
5.000000000000000
5.000000000000000
5.000000000000000
Case #64:
3899.081077053479649
2555440.666922975004809
2368.598894712846444
40937.167450030417712
2555440.666922975004809
1167512.675982577929858
49624.267114329018202
93687.751705314031966
43570.070576027301190
184894.265745909794731
Case #65:
567253400.999999999941792
352103833.000000000000000
440308264.239528549805982
359921067.391123335779412
440308264.239528549805982
440308264.239528549805982
353766767.972886932489928
Case #66:
1922.311546995410028
47312.401651152734523
394637925.000000000058208
13695.077096124316935
1086400.553072907532624
10667.879245879007936
53395.205771624158277
2377.024982470863776
471764.029949295760304
47981.631869688604311
Case #67:
13652.447001347421122
4159.049450043717102
8417.999942072685732
847950484.000000000931323
1225.101588639552839
3115.140524301206213
Case #68:
360.394228588638750
254.837202935521171
63.806053480376979
254.837202935521171
63.806053480376979
36.721543098695846
2.000000000000000
Case #69:
2909696.201969545824795
201098.617878876296757
121565849.000000000109139
297915015.855432134732837
297915015.855432134732837
2720968.691245379482552
1547.462786566960444
8868.000000000000004
Case #70:
327744635.000000000291038
327744635.000000000291038
Case #71:
267.000000000000000
777.279229106245962
2118077.134933003332435
Case #72:
718398877.964879746781662
718398877.964879746781662
756712056.000000000116415
682025538.999999999767169
29813283.939834449374757
6233247.990840730220498
Case #73:
46827.735371251939299
35598.000000000000004
212.518234511770778
38808.394049641923772
46266.456279480083985
Case #74:
153104.355684874313340
30919.461987542061919
47937.300093809971806
315685.081093417076715
334.902301474067133
2.449489742783178
315685.081093417076715
28511.186402485414753
627.972929352850369
1161.537830638585203
Case #75:
62.364827866666049
18.921860518954913
3.162277660168379
3.162277660168379
49.498996680680684
Case #76:
41687.979520019725058
398991.835188168749568
79113.000000000000021
41687.979520019725058
297536222.312271669914480
398991.835188168749568
79113.000000000000021
79113.000000000000021
Case #77:
3.872983346207417
5.000000000000000
Case #78:
400883541.309837607521331
496504069.054642330069328
443704758.485926698369440
Case #79:
825120144.999999999592546
284496542.284267911687493
167054005.561486181468354
Case #80:
25410.000000000000011
25410.000000000000011
4192924.990981832484067
19637662.724600357898453
4192924.990981832484067
Case #81:
3.000000000000000
200121202.000000000203727
Case #82:
531.753702384854110
230.625740644207983
55.323710847509177
302.344174741303723
230.625740644207983
83.344222377282139
162.041534680661542
220.713563947264369
50.295057934302287
364.376326017973089
Case #83:
206089.663555877960562
Case #84:
91552.999999999999993
67412.278789943789313
641387.406802629399635
26591718.314730545009297
67412.278789943789313
453193124.643346254044445
641387.406802629399635
26591718.314730545009297
5834279.859157083665195
Case #85:
32221.587091385832744
69.439745578360936
4677.987193139914342
1115899.901639719781542
38687.777870112488550
36963.958512402587200
720080.909770855922318
2771.145443034566097
2.449489742783178
14598.862099023960136
Case #86:
1.414213562373095
2.449489742783178
Case #87:
161310731.999999999970896
41065.000000000000007
71377.204330234173206
56600.387321996304522
290601.798355534577098
541684.381122683554509
676246.426808158689823
792518239.000000000698492
293744.251287637921052
586364.513960046418617
Case #88:
606774.979164265556221
1358977.165886571436204
Case #89:
29839.229576925902814
1717051.924442589477849
101267.267308076881051
229406.862219683858441
301212.381891114843512
9.000000000000000
695.758578818831382
8.000000000000000
51683.973088201971450
Case #90:
2580.016477856527903
3185.541737456112641
565.395608541717024
287.485651815877587
62.822883731718086
22817.999999999999998
415316891.999999999970896
3.464101615137755
Case #91:
2.000000000000000
Case #92:
93.571917939840501
509489690.913073218107456
Case #93:
31824.586564478728523
48701.808466496968542
573661907.290275304636452
3484592.122803614445729
567311.789459180374138
3484592.122803614445729
52618716.920457958964107
74932.000000000000014
5095811.647726647083346
3484592.122803614445729
Case #94:
110445521.000000000101863
3663156.037653869856740
3663156.037653869856740
Case #95:
46121.196568698106958
1320.424166208247338
1940.477459442786729
52559.390690535765323
459464.831420348873536
12388.873136246505036
46121.196568698106958
Case #96:
84885.000000000000007
84885.000000000000007
84885.000000000000007
84885.000000000000007
84885.000000000000007
84885.000000000000007
Case #97:
35.980957006754568
46582.000000000000014
35.980957006754568
1.000000000000000
Case #98:
1.000000000000000
2.000000000000000
Case #99:
670666776.000000000058208
28657720.555891966065246
563075828.369019192992710
563075828.369019192992710
28657720.555891966065246
563075828.369019192992710
670666776.000000000058208
563075828.369019192992710
Case #100:
2354233.782038723109508
273899.922809778649594
253546.678250867394894
